nohup: ignoring input
02:51:04  INFO  Loaded 14495 news rows (symbols=['300750', '300014', '300274', '601012', '002594', '600276', '603259', '600196', '300760', '000538', '600036', '601398', '000001', '601939', '601166', '688012', '002371', '688347', '603501', '603986', '600519', '000858', '000568', '002646', '600809', '600104', '601633', '00175', '601238', '600418', '600030', '300059', '601211', '601688', '000776'], since=2025-01-01)
02:51:34  INFO  progress ok=16 skip=1084 fail=0 [1100/14495]
02:52:21  INFO  progress ok=35 skip=1085 fail=0 [1120/14495]
02:52:57  INFO  progress ok=54 skip=1086 fail=0 [1140/14495]
02:54:07  INFO  progress ok=87 skip=1093 fail=0 [1180/14495]
02:54:38  INFO  progress ok=103 skip=1097 fail=0 [1200/14495]
02:55:19  INFO  progress ok=120 skip=1100 fail=0 [1220/14495]
02:55:56  INFO  progress ok=138 skip=1102 fail=0 [1240/14495]
02:56:29  INFO  progress ok=156 skip=1104 fail=0 [1260/14495]
02:57:10  INFO  progress ok=175 skip=1105 fail=0 [1280/14495]
02:57:50  INFO  progress ok=193 skip=1107 fail=0 [1300/14495]
02:58:55  INFO  progress ok=227 skip=1113 fail=0 [1340/14495]
03:00:13  INFO  progress ok=264 skip=1116 fail=0 [1380/14495]
03:00:48  INFO  progress ok=281 skip=1119 fail=0 [1400/14495]
03:01:19  INFO  progress ok=295 skip=1125 fail=0 [1420/14495]
03:01:50  INFO  progress ok=310 skip=1130 fail=0 [1440/14495]
03:02:30  INFO  progress ok=330 skip=1130 fail=0 [1460/14495]
03:03:12  INFO  progress ok=350 skip=1130 fail=0 [1480/14495]
03:03:54  INFO  progress ok=370 skip=1130 fail=0 [1500/14495]
03:04:33  INFO  progress ok=390 skip=1130 fail=0 [1520/14495]
03:05:23  INFO  progress ok=410 skip=1130 fail=0 [1540/14495]
03:06:04  INFO  progress ok=430 skip=1130 fail=0 [1560/14495]
03:06:44  INFO  progress ok=450 skip=1130 fail=0 [1580/14495]
03:07:30  INFO  progress ok=470 skip=1130 fail=0 [1600/14495]
03:08:09  INFO  progress ok=490 skip=1130 fail=0 [1620/14495]
03:08:58  INFO  progress ok=510 skip=1130 fail=0 [1640/14495]
03:09:38  INFO  progress ok=530 skip=1130 fail=0 [1660/14495]
03:10:20  INFO  progress ok=550 skip=1130 fail=0 [1680/14495]
03:10:59  INFO  progress ok=570 skip=1130 fail=0 [1700/14495]
03:11:41  INFO  progress ok=590 skip=1130 fail=0 [1720/14495]
03:12:20  INFO  progress ok=610 skip=1130 fail=0 [1740/14495]
03:13:02  INFO  progress ok=630 skip=1130 fail=0 [1760/14495]
03:13:42  INFO  progress ok=650 skip=1130 fail=0 [1780/14495]
03:14:22  INFO  progress ok=670 skip=1130 fail=0 [1800/14495]
03:15:05  INFO  progress ok=690 skip=1130 fail=0 [1820/14495]
03:15:48  INFO  progress ok=710 skip=1130 fail=0 [1840/14495]
03:16:33  INFO  progress ok=730 skip=1130 fail=0 [1860/14495]
03:17:10  INFO  progress ok=750 skip=1130 fail=0 [1880/14495]
03:17:50  INFO  progress ok=770 skip=1130 fail=0 [1900/14495]
03:18:34  INFO  progress ok=790 skip=1130 fail=0 [1920/14495]
03:19:12  INFO  progress ok=810 skip=1130 fail=0 [1940/14495]
03:19:53  INFO  progress ok=830 skip=1130 fail=0 [1960/14495]
03:20:36  INFO  progress ok=850 skip=1130 fail=0 [1980/14495]
03:21:19  INFO  progress ok=870 skip=1130 fail=0 [2000/14495]
03:21:58  INFO  progress ok=890 skip=1130 fail=0 [2020/14495]
03:22:37  INFO  progress ok=910 skip=1130 fail=0 [2040/14495]
03:23:25  INFO  progress ok=930 skip=1130 fail=0 [2060/14495]
03:24:05  INFO  progress ok=950 skip=1130 fail=0 [2080/14495]
03:24:43  INFO  progress ok=970 skip=1130 fail=0 [2100/14495]
03:25:22  INFO  progress ok=990 skip=1130 fail=0 [2120/14495]
03:25:59  INFO  progress ok=1010 skip=1130 fail=0 [2140/14495]
03:26:42  INFO  progress ok=1030 skip=1130 fail=0 [2160/14495]
03:27:33  INFO  progress ok=1050 skip=1130 fail=0 [2180/14495]
03:28:13  INFO  progress ok=1070 skip=1130 fail=0 [2200/14495]
03:28:51  INFO  progress ok=1090 skip=1130 fail=0 [2220/14495]
03:29:29  INFO  progress ok=1110 skip=1130 fail=0 [2240/14495]
03:30:14  INFO  progress ok=1130 skip=1130 fail=0 [2260/14495]
03:30:58  INFO  progress ok=1150 skip=1130 fail=0 [2280/14495]
03:31:37  INFO  progress ok=1170 skip=1130 fail=0 [2300/14495]
03:32:13  INFO  progress ok=1190 skip=1130 fail=0 [2320/14495]
03:32:51  INFO  progress ok=1210 skip=1130 fail=0 [2340/14495]
03:33:36  INFO  progress ok=1230 skip=1130 fail=0 [2360/14495]
03:34:18  INFO  progress ok=1250 skip=1130 fail=0 [2380/14495]
03:35:02  INFO  progress ok=1270 skip=1130 fail=0 [2400/14495]
03:35:41  INFO  progress ok=1290 skip=1130 fail=0 [2420/14495]
03:36:20  INFO  progress ok=1310 skip=1130 fail=0 [2440/14495]
03:36:59  INFO  progress ok=1330 skip=1130 fail=0 [2460/14495]
03:37:49  INFO  progress ok=1350 skip=1130 fail=0 [2480/14495]
03:38:27  INFO  progress ok=1370 skip=1130 fail=0 [2500/14495]
03:39:06  INFO  progress ok=1390 skip=1130 fail=0 [2520/14495]
03:39:52  INFO  progress ok=1410 skip=1130 fail=0 [2540/14495]
03:40:42  INFO  progress ok=1430 skip=1130 fail=0 [2560/14495]
03:41:22  INFO  progress ok=1450 skip=1130 fail=0 [2580/14495]
03:42:00  INFO  progress ok=1470 skip=1130 fail=0 [2600/14495]
03:42:38  INFO  progress ok=1490 skip=1130 fail=0 [2620/14495]
03:43:29  INFO  progress ok=1510 skip=1130 fail=0 [2640/14495]
03:44:07  INFO  progress ok=1530 skip=1130 fail=0 [2660/14495]
03:44:46  INFO  progress ok=1550 skip=1130 fail=0 [2680/14495]
03:45:26  INFO  progress ok=1570 skip=1130 fail=0 [2700/14495]
03:46:16  INFO  progress ok=1590 skip=1130 fail=0 [2720/14495]
03:46:55  INFO  progress ok=1610 skip=1130 fail=0 [2740/14495]
03:47:36  INFO  progress ok=1630 skip=1130 fail=0 [2760/14495]
03:48:15  INFO  progress ok=1650 skip=1130 fail=0 [2780/14495]
03:48:53  INFO  progress ok=1670 skip=1130 fail=0 [2800/14495]
03:49:42  INFO  progress ok=1690 skip=1130 fail=0 [2820/14495]
03:50:27  INFO  progress ok=1710 skip=1130 fail=0 [2840/14495]
03:51:07  INFO  progress ok=1730 skip=1130 fail=0 [2860/14495]
03:51:50  INFO  progress ok=1750 skip=1130 fail=0 [2880/14495]
03:52:29  INFO  progress ok=1770 skip=1130 fail=0 [2900/14495]
03:53:09  INFO  progress ok=1790 skip=1130 fail=0 [2920/14495]
03:53:49  INFO  progress ok=1810 skip=1130 fail=0 [2940/14495]
03:54:40  INFO  progress ok=1830 skip=1130 fail=0 [2960/14495]
03:55:26  INFO  progress ok=1850 skip=1130 fail=0 [2980/14495]
03:56:04  INFO  progress ok=1870 skip=1130 fail=0 [3000/14495]
03:56:43  INFO  progress ok=1890 skip=1130 fail=0 [3020/14495]
03:57:22  INFO  progress ok=1910 skip=1130 fail=0 [3040/14495]
03:58:00  INFO  progress ok=1930 skip=1130 fail=0 [3060/14495]
03:58:39  INFO  progress ok=1950 skip=1130 fail=0 [3080/14495]
03:59:21  INFO  progress ok=1970 skip=1130 fail=0 [3100/14495]
04:00:07  INFO  progress ok=1990 skip=1130 fail=0 [3120/14495]
04:00:45  INFO  progress ok=2010 skip=1130 fail=0 [3140/14495]
04:01:26  INFO  progress ok=2030 skip=1130 fail=0 [3160/14495]
04:02:05  INFO  progress ok=2050 skip=1130 fail=0 [3180/14495]
04:02:52  INFO  progress ok=2070 skip=1130 fail=0 [3200/14495]
04:03:40  INFO  progress ok=2090 skip=1130 fail=0 [3220/14495]
04:04:20  INFO  progress ok=2110 skip=1130 fail=0 [3240/14495]
04:05:00  INFO  progress ok=2130 skip=1130 fail=0 [3260/14495]
04:05:40  INFO  progress ok=2150 skip=1130 fail=0 [3280/14495]
04:06:16  INFO  progress ok=2170 skip=1130 fail=0 [3300/14495]
04:06:54  INFO  progress ok=2190 skip=1130 fail=0 [3320/14495]
04:07:33  INFO  progress ok=2210 skip=1130 fail=0 [3340/14495]
04:08:23  INFO  progress ok=2230 skip=1130 fail=0 [3360/14495]
04:09:12  INFO  progress ok=2250 skip=1130 fail=0 [3380/14495]
04:10:02  INFO  progress ok=2270 skip=1130 fail=0 [3400/14495]
04:10:41  INFO  progress ok=2290 skip=1130 fail=0 [3420/14495]
04:11:19  INFO  progress ok=2310 skip=1130 fail=0 [3440/14495]
04:11:59  INFO  progress ok=2330 skip=1130 fail=0 [3460/14495]
04:12:38  INFO  progress ok=2350 skip=1130 fail=0 [3480/14495]
04:13:16  INFO  progress ok=2370 skip=1130 fail=0 [3500/14495]
04:13:54  INFO  progress ok=2390 skip=1130 fail=0 [3520/14495]
04:14:29  INFO  progress ok=2410 skip=1130 fail=0 [3540/14495]
04:15:18  INFO  progress ok=2430 skip=1130 fail=0 [3560/14495]
04:16:07  INFO  progress ok=2450 skip=1130 fail=0 [3580/14495]
04:16:55  INFO  progress ok=2470 skip=1130 fail=0 [3600/14495]
04:17:44  INFO  progress ok=2490 skip=1130 fail=0 [3620/14495]
04:18:34  INFO  progress ok=2510 skip=1130 fail=0 [3640/14495]
04:19:23  INFO  progress ok=2530 skip=1130 fail=0 [3660/14495]
04:20:13  INFO  progress ok=2550 skip=1130 fail=0 [3680/14495]
04:21:03  INFO  progress ok=2570 skip=1130 fail=0 [3700/14495]
04:21:50  INFO  progress ok=2590 skip=1130 fail=0 [3720/14495]
04:22:30  INFO  progress ok=2610 skip=1130 fail=0 [3740/14495]
04:23:15  INFO  progress ok=2630 skip=1130 fail=0 [3760/14495]
04:24:03  INFO  progress ok=2650 skip=1130 fail=0 [3780/14495]
04:24:53  INFO  progress ok=2670 skip=1130 fail=0 [3800/14495]
04:25:42  INFO  progress ok=2690 skip=1130 fail=0 [3820/14495]
04:26:33  INFO  progress ok=2710 skip=1130 fail=0 [3840/14495]
04:27:23  INFO  progress ok=2730 skip=1130 fail=0 [3860/14495]
04:28:13  INFO  progress ok=2750 skip=1130 fail=0 [3880/14495]
04:28:53  INFO  progress ok=2770 skip=1130 fail=0 [3900/14495]
04:29:43  INFO  progress ok=2790 skip=1130 fail=0 [3920/14495]
04:30:35  INFO  progress ok=2810 skip=1130 fail=0 [3940/14495]
04:31:20  INFO  progress ok=2830 skip=1130 fail=0 [3960/14495]
04:32:00  INFO  progress ok=2850 skip=1130 fail=0 [3980/14495]
04:32:40  INFO  progress ok=2870 skip=1130 fail=0 [4000/14495]
04:33:19  INFO  progress ok=2890 skip=1130 fail=0 [4020/14495]
04:33:58  INFO  progress ok=2910 skip=1130 fail=0 [4040/14495]
04:34:43  INFO  progress ok=2930 skip=1130 fail=0 [4060/14495]
04:35:32  INFO  progress ok=2950 skip=1130 fail=0 [4080/14495]
04:36:12  INFO  progress ok=2970 skip=1130 fail=0 [4100/14495]
04:36:50  INFO  progress ok=2990 skip=1130 fail=0 [4120/14495]
04:37:30  INFO  progress ok=3010 skip=1130 fail=0 [4140/14495]
04:38:08  INFO  progress ok=3030 skip=1130 fail=0 [4160/14495]
04:38:46  INFO  progress ok=3050 skip=1130 fail=0 [4180/14495]
04:39:25  INFO  progress ok=3070 skip=1130 fail=0 [4200/14495]
04:40:18  INFO  progress ok=3090 skip=1130 fail=0 [4220/14495]
04:41:08  INFO  progress ok=3110 skip=1130 fail=0 [4240/14495]
04:41:53  INFO  progress ok=3130 skip=1130 fail=0 [4260/14495]
04:42:31  INFO  progress ok=3150 skip=1130 fail=0 [4280/14495]
04:43:09  INFO  progress ok=3170 skip=1130 fail=0 [4300/14495]
04:43:50  INFO  progress ok=3190 skip=1130 fail=0 [4320/14495]
04:44:29  INFO  progress ok=3210 skip=1130 fail=0 [4340/14495]
04:45:13  INFO  progress ok=3230 skip=1130 fail=0 [4360/14495]
04:46:03  INFO  progress ok=3250 skip=1130 fail=0 [4380/14495]
04:46:44  INFO  progress ok=3270 skip=1130 fail=0 [4400/14495]
04:47:21  INFO  progress ok=3290 skip=1130 fail=0 [4420/14495]
04:47:58  INFO  progress ok=3310 skip=1130 fail=0 [4440/14495]
04:48:36  INFO  progress ok=3330 skip=1130 fail=0 [4460/14495]
04:49:14  INFO  progress ok=3350 skip=1130 fail=0 [4480/14495]
04:49:53  INFO  progress ok=3370 skip=1130 fail=0 [4500/14495]
04:50:31  INFO  progress ok=3390 skip=1130 fail=0 [4520/14495]
04:51:08  INFO  progress ok=3410 skip=1130 fail=0 [4540/14495]
04:51:48  INFO  progress ok=3430 skip=1130 fail=0 [4560/14495]
04:52:26  INFO  progress ok=3450 skip=1130 fail=0 [4580/14495]
04:53:11  INFO  progress ok=3470 skip=1130 fail=0 [4600/14495]
04:54:01  INFO  progress ok=3490 skip=1130 fail=0 [4620/14495]
04:54:40  INFO  progress ok=3510 skip=1130 fail=0 [4640/14495]
04:55:18  INFO  progress ok=3530 skip=1130 fail=0 [4660/14495]
04:55:57  INFO  progress ok=3550 skip=1130 fail=0 [4680/14495]
04:56:36  INFO  progress ok=3570 skip=1130 fail=0 [4700/14495]
04:57:14  INFO  progress ok=3590 skip=1130 fail=0 [4720/14495]
04:57:53  INFO  progress ok=3610 skip=1130 fail=0 [4740/14495]
04:58:43  INFO  progress ok=3630 skip=1130 fail=0 [4760/14495]
04:59:33  INFO  progress ok=3650 skip=1130 fail=0 [4780/14495]
05:00:13  INFO  progress ok=3670 skip=1130 fail=0 [4800/14495]
05:00:59  INFO  progress ok=3690 skip=1130 fail=0 [4820/14495]
05:01:36  INFO  progress ok=3710 skip=1130 fail=0 [4840/14495]
05:02:20  INFO  progress ok=3730 skip=1130 fail=0 [4860/14495]
05:03:03  INFO  progress ok=3750 skip=1130 fail=0 [4880/14495]
05:03:42  INFO  progress ok=3770 skip=1130 fail=0 [4900/14495]
05:04:19  INFO  progress ok=3790 skip=1130 fail=0 [4920/14495]
05:04:56  INFO  progress ok=3810 skip=1130 fail=0 [4940/14495]
05:05:34  INFO  progress ok=3830 skip=1130 fail=0 [4960/14495]
05:06:12  INFO  progress ok=3850 skip=1130 fail=0 [4980/14495]
05:06:49  INFO  progress ok=3870 skip=1130 fail=0 [5000/14495]
05:07:27  INFO  progress ok=3890 skip=1130 fail=0 [5020/14495]
05:08:16  INFO  progress ok=3910 skip=1130 fail=0 [5040/14495]
05:09:05  INFO  progress ok=3930 skip=1130 fail=0 [5060/14495]
05:09:55  INFO  progress ok=3950 skip=1130 fail=0 [5080/14495]
05:10:33  INFO  progress ok=3970 skip=1130 fail=0 [5100/14495]
05:11:10  INFO  progress ok=3990 skip=1130 fail=0 [5120/14495]
05:11:49  INFO  progress ok=4010 skip=1130 fail=0 [5140/14495]
05:12:29  INFO  progress ok=4030 skip=1130 fail=0 [5160/14495]
05:13:09  INFO  progress ok=4050 skip=1130 fail=0 [5180/14495]
05:13:58  INFO  progress ok=4070 skip=1130 fail=0 [5200/14495]
05:14:42  INFO  progress ok=4090 skip=1130 fail=0 [5220/14495]
05:15:19  INFO  progress ok=4110 skip=1130 fail=0 [5240/14495]
05:16:00  INFO  progress ok=4130 skip=1130 fail=0 [5260/14495]
05:16:40  INFO  progress ok=4150 skip=1130 fail=0 [5280/14495]
05:17:27  INFO  progress ok=4170 skip=1130 fail=0 [5300/14495]
05:18:19  INFO  progress ok=4190 skip=1130 fail=0 [5320/14495]
05:19:04  INFO  progress ok=4210 skip=1130 fail=0 [5340/14495]
05:19:42  INFO  progress ok=4230 skip=1130 fail=0 [5360/14495]
05:20:19  INFO  progress ok=4250 skip=1130 fail=0 [5380/14495]
05:20:57  INFO  progress ok=4270 skip=1130 fail=0 [5400/14495]
05:21:35  INFO  progress ok=4290 skip=1130 fail=0 [5420/14495]
05:22:12  INFO  progress ok=4310 skip=1130 fail=0 [5440/14495]
05:22:55  INFO  progress ok=4330 skip=1130 fail=0 [5460/14495]
05:23:47  INFO  progress ok=4350 skip=1130 fail=0 [5480/14495]
05:24:31  INFO  progress ok=4370 skip=1130 fail=0 [5500/14495]
05:25:09  INFO  progress ok=4390 skip=1130 fail=0 [5520/14495]
05:25:47  INFO  progress ok=4410 skip=1130 fail=0 [5540/14495]
05:26:26  INFO  progress ok=4430 skip=1130 fail=0 [5560/14495]
05:27:10  INFO  progress ok=4450 skip=1130 fail=0 [5580/14495]
05:28:00  INFO  progress ok=4470 skip=1130 fail=0 [5600/14495]
05:28:45  INFO  progress ok=4490 skip=1130 fail=0 [5620/14495]
05:29:26  INFO  progress ok=4510 skip=1130 fail=0 [5640/14495]
05:30:08  INFO  progress ok=4530 skip=1130 fail=0 [5660/14495]
05:30:46  INFO  progress ok=4550 skip=1130 fail=0 [5680/14495]
05:31:24  INFO  progress ok=4570 skip=1130 fail=0 [5700/14495]
05:32:04  INFO  progress ok=4590 skip=1130 fail=0 [5720/14495]
05:32:44  INFO  progress ok=4610 skip=1130 fail=0 [5740/14495]
05:33:28  INFO  progress ok=4630 skip=1130 fail=0 [5760/14495]
05:34:25  INFO  progress ok=4650 skip=1130 fail=0 [5780/14495]
05:35:14  INFO  progress ok=4670 skip=1130 fail=0 [5800/14495]
05:35:52  INFO  progress ok=4690 skip=1130 fail=0 [5820/14495]
05:36:31  INFO  progress ok=4710 skip=1130 fail=0 [5840/14495]
05:37:10  INFO  progress ok=4730 skip=1130 fail=0 [5860/14495]
05:37:48  INFO  progress ok=4750 skip=1130 fail=0 [5880/14495]
05:38:25  INFO  progress ok=4770 skip=1130 fail=0 [5900/14495]
05:39:03  INFO  progress ok=4790 skip=1130 fail=0 [5920/14495]
05:39:54  INFO  progress ok=4810 skip=1130 fail=0 [5940/14495]
05:40:42  INFO  progress ok=4830 skip=1130 fail=0 [5960/14495]
05:41:21  INFO  progress ok=4850 skip=1130 fail=0 [5980/14495]
05:41:59  INFO  progress ok=4870 skip=1130 fail=0 [6000/14495]
05:42:39  INFO  progress ok=4890 skip=1130 fail=0 [6020/14495]
05:43:17  INFO  progress ok=4910 skip=1130 fail=0 [6040/14495]
05:43:54  INFO  progress ok=4930 skip=1130 fail=0 [6060/14495]
05:44:35  INFO  progress ok=4950 skip=1130 fail=0 [6080/14495]
05:45:24  INFO  progress ok=4970 skip=1130 fail=0 [6100/14495]
05:46:03  INFO  progress ok=4990 skip=1130 fail=0 [6120/14495]
05:46:40  INFO  progress ok=5010 skip=1130 fail=0 [6140/14495]
05:47:18  INFO  progress ok=5030 skip=1130 fail=0 [6160/14495]
05:47:57  INFO  progress ok=5050 skip=1130 fail=0 [6180/14495]
05:48:46  INFO  progress ok=5070 skip=1130 fail=0 [6200/14495]
05:49:44  INFO  progress ok=5090 skip=1130 fail=0 [6220/14495]
05:50:24  INFO  progress ok=5110 skip=1130 fail=0 [6240/14495]
05:51:03  INFO  progress ok=5130 skip=1130 fail=0 [6260/14495]
05:51:41  INFO  progress ok=5150 skip=1130 fail=0 [6280/14495]
05:52:19  INFO  progress ok=5170 skip=1130 fail=0 [6300/14495]
05:52:56  INFO  progress ok=5190 skip=1130 fail=0 [6320/14495]
05:53:35  INFO  progress ok=5210 skip=1130 fail=0 [6340/14495]
05:54:21  INFO  progress ok=5230 skip=1130 fail=0 [6360/14495]
05:55:15  INFO  progress ok=5250 skip=1130 fail=0 [6380/14495]
05:55:53  INFO  progress ok=5270 skip=1130 fail=0 [6400/14495]
05:56:31  INFO  progress ok=5290 skip=1130 fail=0 [6420/14495]
05:57:16  INFO  progress ok=5310 skip=1130 fail=0 [6440/14495]
05:57:55  INFO  progress ok=5330 skip=1130 fail=0 [6460/14495]
05:58:40  INFO  progress ok=5350 skip=1130 fail=0 [6480/14495]
05:59:24  INFO  progress ok=5370 skip=1130 fail=0 [6500/14495]
06:00:12  INFO  progress ok=5390 skip=1130 fail=0 [6520/14495]
06:00:54  INFO  progress ok=5410 skip=1130 fail=0 [6540/14495]
06:01:31  INFO  progress ok=5430 skip=1130 fail=0 [6560/14495]
06:02:10  INFO  progress ok=5450 skip=1130 fail=0 [6580/14495]
06:03:01  INFO  progress ok=5470 skip=1130 fail=0 [6600/14495]
06:03:40  INFO  progress ok=5490 skip=1130 fail=0 [6620/14495]
06:04:16  INFO  progress ok=5510 skip=1130 fail=0 [6640/14495]
06:04:53  INFO  progress ok=5530 skip=1130 fail=0 [6660/14495]
06:05:32  INFO  progress ok=5550 skip=1130 fail=0 [6680/14495]
06:06:11  INFO  progress ok=5570 skip=1130 fail=0 [6700/14495]
06:07:02  INFO  progress ok=5590 skip=1130 fail=0 [6720/14495]
06:07:52  INFO  progress ok=5610 skip=1130 fail=0 [6740/14495]
06:08:30  INFO  progress ok=5630 skip=1130 fail=0 [6760/14495]
06:09:08  INFO  progress ok=5650 skip=1130 fail=0 [6780/14495]
06:09:44  INFO  progress ok=5670 skip=1130 fail=0 [6800/14495]
06:10:24  INFO  progress ok=5690 skip=1130 fail=0 [6820/14495]
06:11:04  INFO  progress ok=5710 skip=1130 fail=0 [6840/14495]
06:11:55  INFO  progress ok=5730 skip=1130 fail=0 [6860/14495]
06:12:48  INFO  progress ok=5750 skip=1130 fail=0 [6880/14495]
06:13:39  INFO  progress ok=5770 skip=1130 fail=0 [6900/14495]
06:14:19  INFO  progress ok=5790 skip=1130 fail=0 [6920/14495]
06:15:09  INFO  progress ok=5810 skip=1130 fail=0 [6940/14495]
06:15:48  INFO  progress ok=5830 skip=1130 fail=0 [6960/14495]
06:16:27  INFO  progress ok=5850 skip=1130 fail=0 [6980/14495]
06:17:05  INFO  progress ok=5870 skip=1130 fail=0 [7000/14495]
06:17:44  INFO  progress ok=5890 skip=1130 fail=0 [7020/14495]
06:18:38  INFO  progress ok=5910 skip=1130 fail=0 [7040/14495]
06:19:33  INFO  progress ok=5930 skip=1130 fail=0 [7060/14495]
06:20:17  INFO  progress ok=5950 skip=1130 fail=0 [7080/14495]
06:20:55  INFO  progress ok=5970 skip=1130 fail=0 [7100/14495]
06:21:33  INFO  progress ok=5990 skip=1130 fail=0 [7120/14495]
06:22:11  INFO  progress ok=6010 skip=1130 fail=0 [7140/14495]
06:22:49  INFO  progress ok=6030 skip=1130 fail=0 [7160/14495]
06:23:30  INFO  progress ok=6050 skip=1130 fail=0 [7180/14495]
06:24:23  INFO  progress ok=6070 skip=1130 fail=0 [7200/14495]
06:25:17  INFO  progress ok=6090 skip=1130 fail=0 [7220/14495]
06:25:56  INFO  progress ok=6110 skip=1130 fail=0 [7240/14495]
06:26:35  WARNING  [7259/14495] attempt 1/5 failed http://finance.eastmoney.com/a/202602283657555989.html: 404 Client Error: Not Found for url: https://finance.eastmoney.com/a/202602283657555989.html
06:26:35  INFO  [7259/14495] retry in 1.0s
06:26:36  WARNING  [7259/14495] attempt 2/5 failed http://finance.eastmoney.com/a/202602283657555989.html: 404 Client Error: Not Found for url: https://finance.eastmoney.com/a/202602283657555989.html
06:26:36  INFO  [7259/14495] retry in 2.0s
06:26:39  WARNING  [7259/14495] attempt 3/5 failed http://finance.eastmoney.com/a/202602283657555989.html: 404 Client Error: Not Found for url: https://finance.eastmoney.com/a/202602283657555989.html
06:26:39  INFO  [7259/14495] retry in 4.0s
06:26:44  WARNING  [7259/14495] attempt 4/5 failed http://finance.eastmoney.com/a/202602283657555989.html: 404 Client Error: Not Found for url: https://finance.eastmoney.com/a/202602283657555989.html
06:26:44  INFO  [7259/14495] retry in 8.0s
06:26:52  WARNING  [7259/14495] attempt 5/5 failed http://finance.eastmoney.com/a/202602283657555989.html: 404 Client Error: Not Found for url: https://finance.eastmoney.com/a/202602283657555989.html
06:26:52  WARNING  [7259/14495] gave up after 5 attempts http://finance.eastmoney.com/a/202602283657555989.html
06:26:54  INFO  progress ok=6129 skip=1130 fail=1 [7260/14495]
06:26:56  WARNING  [7261/14495] attempt 1/5 failed http://finance.eastmoney.com/a/202602283657556173.html: 404 Client Error: Not Found for url: https://finance.eastmoney.com/a/202602283657556173.html
06:26:56  INFO  [7261/14495] retry in 1.0s
06:26:58  WARNING  [7261/14495] attempt 2/5 failed http://finance.eastmoney.com/a/202602283657556173.html: 404 Client Error: Not Found for url: https://finance.eastmoney.com/a/202602283657556173.html
06:26:58  INFO  [7261/14495] retry in 2.0s
06:27:00  WARNING  [7261/14495] attempt 3/5 failed http://finance.eastmoney.com/a/202602283657556173.html: 404 Client Error: Not Found for url: https://finance.eastmoney.com/a/202602283657556173.html
06:27:00  INFO  [7261/14495] retry in 4.0s
06:27:05  WARNING  [7261/14495] attempt 4/5 failed http://finance.eastmoney.com/a/202602283657556173.html: 404 Client Error: Not Found for url: https://finance.eastmoney.com/a/202602283657556173.html
06:27:05  INFO  [7261/14495] retry in 8.0s
06:27:13  WARNING  [7261/14495] attempt 5/5 failed http://finance.eastmoney.com/a/202602283657556173.html: 404 Client Error: Not Found for url: https://finance.eastmoney.com/a/202602283657556173.html
06:27:13  WARNING  [7261/14495] gave up after 5 attempts http://finance.eastmoney.com/a/202602283657556173.html
06:27:20  WARNING  [7265/14495] attempt 1/5 failed http://finance.eastmoney.com/a/202602283657562652.html: 404 Client Error: Not Found for url: https://finance.eastmoney.com/a/202602283657562652.html
06:27:20  INFO  [7265/14495] retry in 1.0s
06:27:22  WARNING  [7265/14495] attempt 2/5 failed http://finance.eastmoney.com/a/202602283657562652.html: 404 Client Error: Not Found for url: https://finance.eastmoney.com/a/202602283657562652.html
06:27:22  INFO  [7265/14495] retry in 2.0s
06:27:25  WARNING  [7265/14495] attempt 3/5 failed http://finance.eastmoney.com/a/202602283657562652.html: 404 Client Error: Not Found for url: https://finance.eastmoney.com/a/202602283657562652.html
06:27:25  INFO  [7265/14495] retry in 4.0s
06:27:30  WARNING  [7265/14495] attempt 4/5 failed http://finance.eastmoney.com/a/202602283657562652.html: 404 Client Error: Not Found for url: https://finance.eastmoney.com/a/202602283657562652.html
06:27:30  INFO  [7265/14495] retry in 8.0s
06:27:38  WARNING  [7265/14495] attempt 5/5 failed http://finance.eastmoney.com/a/202602283657562652.html: 404 Client Error: Not Found for url: https://finance.eastmoney.com/a/202602283657562652.html
06:27:38  WARNING  [7265/14495] gave up after 5 attempts http://finance.eastmoney.com/a/202602283657562652.html
06:28:06  INFO  progress ok=6147 skip=1130 fail=3 [7280/14495]
06:28:45  INFO  progress ok=6167 skip=1130 fail=3 [7300/14495]
06:29:26  INFO  progress ok=6187 skip=1130 fail=3 [7320/14495]
06:30:03  INFO  progress ok=6207 skip=1130 fail=3 [7340/14495]
06:30:43  INFO  progress ok=6227 skip=1130 fail=3 [7360/14495]
06:31:32  INFO  progress ok=6247 skip=1130 fail=3 [7380/14495]
06:32:10  INFO  progress ok=6267 skip=1130 fail=3 [7400/14495]
06:32:48  INFO  progress ok=6287 skip=1130 fail=3 [7420/14495]
06:33:28  INFO  progress ok=6307 skip=1130 fail=3 [7440/14495]
06:33:29  WARNING  [7441/14495] attempt 1/5 failed http://finance.eastmoney.com/a/202603023658624712.html: 404 Client Error: Not Found for url: https://finance.eastmoney.com/a/202603023658624712.html
06:33:29  INFO  [7441/14495] retry in 1.0s
06:33:31  WARNING  [7441/14495] attempt 2/5 failed http://finance.eastmoney.com/a/202603023658624712.html: 404 Client Error: Not Found for url: https://finance.eastmoney.com/a/202603023658624712.html
06:33:31  INFO  [7441/14495] retry in 2.0s
06:33:34  WARNING  [7441/14495] attempt 3/5 failed http://finance.eastmoney.com/a/202603023658624712.html: 404 Client Error: Not Found for url: https://finance.eastmoney.com/a/202603023658624712.html
06:33:34  INFO  [7441/14495] retry in 4.0s
06:33:38  WARNING  [7441/14495] attempt 4/5 failed http://finance.eastmoney.com/a/202603023658624712.html: 404 Client Error: Not Found for url: https://finance.eastmoney.com/a/202603023658624712.html
06:33:38  INFO  [7441/14495] retry in 8.0s
06:33:47  WARNING  [7441/14495] attempt 5/5 failed http://finance.eastmoney.com/a/202603023658624712.html: 404 Client Error: Not Found for url: https://finance.eastmoney.com/a/202603023658624712.html
06:33:47  WARNING  [7441/14495] gave up after 5 attempts http://finance.eastmoney.com/a/202603023658624712.html
06:34:24  INFO  progress ok=6326 skip=1130 fail=4 [7460/14495]
06:35:03  INFO  progress ok=6346 skip=1130 fail=4 [7480/14495]
06:35:43  INFO  progress ok=6366 skip=1130 fail=4 [7500/14495]
06:36:29  INFO  progress ok=6386 skip=1130 fail=4 [7520/14495]
06:37:22  INFO  progress ok=6406 skip=1130 fail=4 [7540/14495]
06:38:08  INFO  progress ok=6426 skip=1130 fail=4 [7560/14495]
06:38:47  INFO  progress ok=6446 skip=1130 fail=4 [7580/14495]
06:39:24  INFO  progress ok=6466 skip=1130 fail=4 [7600/14495]
06:40:03  INFO  progress ok=6486 skip=1130 fail=4 [7620/14495]
06:40:42  INFO  progress ok=6506 skip=1130 fail=4 [7640/14495]
06:41:20  INFO  progress ok=6526 skip=1130 fail=4 [7660/14495]
06:42:00  INFO  progress ok=6546 skip=1130 fail=4 [7680/14495]
06:42:39  INFO  progress ok=6566 skip=1130 fail=4 [7700/14495]
06:43:34  INFO  progress ok=6586 skip=1130 fail=4 [7720/14495]
06:44:22  INFO  progress ok=6606 skip=1130 fail=4 [7740/14495]
06:45:16  INFO  progress ok=6626 skip=1130 fail=4 [7760/14495]
06:45:54  INFO  progress ok=6646 skip=1130 fail=4 [7780/14495]
06:46:33  INFO  progress ok=6666 skip=1130 fail=4 [7800/14495]
06:47:12  INFO  progress ok=6686 skip=1130 fail=4 [7820/14495]
06:47:50  INFO  progress ok=6706 skip=1130 fail=4 [7840/14495]
06:48:27  INFO  progress ok=6726 skip=1130 fail=4 [7860/14495]
06:49:05  INFO  progress ok=6746 skip=1130 fail=4 [7880/14495]
06:49:46  INFO  progress ok=6766 skip=1130 fail=4 [7900/14495]
06:49:49  WARNING  [7902/14495] attempt 1/5 failed http://finance.eastmoney.com/a/202603043662048618.html: 404 Client Error: Not Found for url: https://finance.eastmoney.com/a/202603043662048618.html
06:49:49  INFO  [7902/14495] retry in 1.0s
06:49:51  WARNING  [7902/14495] attempt 2/5 failed http://finance.eastmoney.com/a/202603043662048618.html: 404 Client Error: Not Found for url: https://finance.eastmoney.com/a/202603043662048618.html
06:49:51  INFO  [7902/14495] retry in 2.0s
06:49:54  WARNING  [7902/14495] attempt 3/5 failed http://finance.eastmoney.com/a/202603043662048618.html: 404 Client Error: Not Found for url: https://finance.eastmoney.com/a/202603043662048618.html
06:49:54  INFO  [7902/14495] retry in 4.0s
06:49:58  WARNING  [7902/14495] attempt 4/5 failed http://finance.eastmoney.com/a/202603043662048618.html: 404 Client Error: Not Found for url: https://finance.eastmoney.com/a/202603043662048618.html
06:49:58  INFO  [7902/14495] retry in 8.0s
06:50:07  WARNING  [7902/14495] attempt 5/5 failed http://finance.eastmoney.com/a/202603043662048618.html: 404 Client Error: Not Found for url: https://finance.eastmoney.com/a/202603043662048618.html
06:50:07  WARNING  [7902/14495] gave up after 5 attempts http://finance.eastmoney.com/a/202603043662048618.html
06:50:50  INFO  progress ok=6785 skip=1130 fail=5 [7920/14495]
06:51:50  INFO  progress ok=6805 skip=1130 fail=5 [7940/14495]
06:52:32  INFO  progress ok=6825 skip=1130 fail=5 [7960/14495]
06:53:11  INFO  progress ok=6845 skip=1130 fail=5 [7980/14495]
06:53:48  INFO  progress ok=6865 skip=1130 fail=5 [8000/14495]
06:54:26  INFO  progress ok=6885 skip=1130 fail=5 [8020/14495]
06:55:06  INFO  progress ok=6905 skip=1130 fail=5 [8040/14495]
06:55:45  INFO  progress ok=6925 skip=1130 fail=5 [8060/14495]
06:56:23  INFO  progress ok=6945 skip=1130 fail=5 [8080/14495]
06:57:14  INFO  progress ok=6965 skip=1130 fail=5 [8100/14495]
06:58:04  INFO  progress ok=6985 skip=1130 fail=5 [8120/14495]
06:58:52  INFO  progress ok=7005 skip=1130 fail=5 [8140/14495]
06:59:31  INFO  progress ok=7025 skip=1130 fail=5 [8160/14495]
07:00:11  INFO  progress ok=7045 skip=1130 fail=5 [8180/14495]
07:00:51  INFO  progress ok=7065 skip=1130 fail=5 [8200/14495]
07:01:29  INFO  progress ok=7085 skip=1130 fail=5 [8220/14495]
07:02:07  INFO  progress ok=7105 skip=1130 fail=5 [8240/14495]
07:02:44  INFO  progress ok=7125 skip=1130 fail=5 [8260/14495]
07:03:34  INFO  progress ok=7145 skip=1130 fail=5 [8280/14495]
07:04:24  INFO  progress ok=7165 skip=1130 fail=5 [8300/14495]
07:05:09  INFO  progress ok=7185 skip=1130 fail=5 [8320/14495]
07:05:48  INFO  progress ok=7205 skip=1130 fail=5 [8340/14495]
07:06:28  WARNING  [8359/14495] attempt 1/5 failed http://finance.eastmoney.com/a/202603083665323128.html: 404 Client Error: Not Found for url: https://finance.eastmoney.com/a/202603083665323128.html
07:06:28  INFO  [8359/14495] retry in 1.0s
07:06:30  WARNING  [8359/14495] attempt 2/5 failed http://finance.eastmoney.com/a/202603083665323128.html: 404 Client Error: Not Found for url: https://finance.eastmoney.com/a/202603083665323128.html
07:06:30  INFO  [8359/14495] retry in 2.0s
07:06:33  WARNING  [8359/14495] attempt 3/5 failed http://finance.eastmoney.com/a/202603083665323128.html: 404 Client Error: Not Found for url: https://finance.eastmoney.com/a/202603083665323128.html
07:06:33  INFO  [8359/14495] retry in 4.0s
07:06:38  WARNING  [8359/14495] attempt 4/5 failed http://finance.eastmoney.com/a/202603083665323128.html: 404 Client Error: Not Found for url: https://finance.eastmoney.com/a/202603083665323128.html
07:06:38  INFO  [8359/14495] retry in 8.0s
07:06:46  WARNING  [8359/14495] attempt 5/5 failed http://finance.eastmoney.com/a/202603083665323128.html: 404 Client Error: Not Found for url: https://finance.eastmoney.com/a/202603083665323128.html
07:06:46  WARNING  [8359/14495] gave up after 5 attempts http://finance.eastmoney.com/a/202603083665323128.html
07:06:48  INFO  progress ok=7224 skip=1130 fail=6 [8360/14495]
07:07:40  INFO  progress ok=7244 skip=1130 fail=6 [8380/14495]
07:08:25  INFO  progress ok=7264 skip=1130 fail=6 [8400/14495]
07:09:04  INFO  progress ok=7284 skip=1130 fail=6 [8420/14495]
07:09:43  INFO  progress ok=7304 skip=1130 fail=6 [8440/14495]
07:10:22  INFO  progress ok=7324 skip=1130 fail=6 [8460/14495]
07:11:02  INFO  progress ok=7344 skip=1130 fail=6 [8480/14495]
07:11:40  INFO  progress ok=7364 skip=1130 fail=6 [8500/14495]
07:12:17  INFO  progress ok=7384 skip=1130 fail=6 [8520/14495]
07:12:54  INFO  progress ok=7404 skip=1130 fail=6 [8540/14495]
07:13:33  INFO  progress ok=7424 skip=1130 fail=6 [8560/14495]
07:14:23  INFO  progress ok=7444 skip=1130 fail=6 [8580/14495]
07:15:15  INFO  progress ok=7464 skip=1130 fail=6 [8600/14495]
07:16:09  INFO  progress ok=7484 skip=1130 fail=6 [8620/14495]
07:16:50  INFO  progress ok=7504 skip=1130 fail=6 [8640/14495]
07:17:31  INFO  progress ok=7524 skip=1130 fail=6 [8660/14495]
07:18:10  INFO  progress ok=7544 skip=1130 fail=6 [8680/14495]
07:18:50  INFO  progress ok=7564 skip=1130 fail=6 [8700/14495]
07:19:28  INFO  progress ok=7584 skip=1130 fail=6 [8720/14495]
07:20:08  INFO  progress ok=7604 skip=1130 fail=6 [8740/14495]
07:20:47  INFO  progress ok=7624 skip=1130 fail=6 [8760/14495]
07:21:25  INFO  progress ok=7644 skip=1130 fail=6 [8780/14495]
07:22:01  INFO  progress ok=7664 skip=1130 fail=6 [8800/14495]
07:22:46  INFO  progress ok=7684 skip=1130 fail=6 [8820/14495]
07:23:46  INFO  progress ok=7704 skip=1130 fail=6 [8840/14495]
07:24:35  INFO  progress ok=7724 skip=1130 fail=6 [8860/14495]
07:25:28  INFO  progress ok=7744 skip=1130 fail=6 [8880/14495]
07:25:49  WARNING  [8891/14495] attempt 1/5 failed http://finance.eastmoney.com/a/202603113668109738.html: 404 Client Error: Not Found for url: https://finance.eastmoney.com/a/202603113668109738.html
07:25:49  INFO  [8891/14495] retry in 1.0s
07:25:51  WARNING  [8891/14495] attempt 2/5 failed http://finance.eastmoney.com/a/202603113668109738.html: 404 Client Error: Not Found for url: https://finance.eastmoney.com/a/202603113668109738.html
07:25:51  INFO  [8891/14495] retry in 2.0s
07:25:53  WARNING  [8891/14495] attempt 3/5 failed http://finance.eastmoney.com/a/202603113668109738.html: 404 Client Error: Not Found for url: https://finance.eastmoney.com/a/202603113668109738.html
07:25:53  INFO  [8891/14495] retry in 4.0s
07:25:58  WARNING  [8891/14495] attempt 4/5 failed http://finance.eastmoney.com/a/202603113668109738.html: 404 Client Error: Not Found for url: https://finance.eastmoney.com/a/202603113668109738.html
07:25:58  INFO  [8891/14495] retry in 8.0s
07:26:07  WARNING  [8891/14495] attempt 5/5 failed http://finance.eastmoney.com/a/202603113668109738.html: 404 Client Error: Not Found for url: https://finance.eastmoney.com/a/202603113668109738.html
07:26:07  WARNING  [8891/14495] gave up after 5 attempts http://finance.eastmoney.com/a/202603113668109738.html
07:26:24  INFO  progress ok=7763 skip=1130 fail=7 [8900/14495]
07:27:01  INFO  progress ok=7783 skip=1130 fail=7 [8920/14495]
07:27:39  INFO  progress ok=7803 skip=1130 fail=7 [8940/14495]
07:28:19  INFO  progress ok=7823 skip=1130 fail=7 [8960/14495]
07:28:57  INFO  progress ok=7843 skip=1130 fail=7 [8980/14495]
07:29:36  INFO  progress ok=7863 skip=1130 fail=7 [9000/14495]
07:30:14  INFO  progress ok=7883 skip=1130 fail=7 [9020/14495]
07:30:52  INFO  progress ok=7903 skip=1130 fail=7 [9040/14495]
07:31:31  INFO  progress ok=7923 skip=1130 fail=7 [9060/14495]
07:31:37  WARNING  [9063/14495] attempt 1/5 failed http://finance.eastmoney.com/a/202603113669012032.html: 404 Client Error: Not Found for url: https://finance.eastmoney.com/a/202603113669012032.html
07:31:37  INFO  [9063/14495] retry in 1.0s
07:31:38  WARNING  [9063/14495] attempt 2/5 failed http://finance.eastmoney.com/a/202603113669012032.html: 404 Client Error: Not Found for url: https://finance.eastmoney.com/a/202603113669012032.html
07:31:38  INFO  [9063/14495] retry in 2.0s
07:31:41  WARNING  [9063/14495] attempt 3/5 failed http://finance.eastmoney.com/a/202603113669012032.html: 404 Client Error: Not Found for url: https://finance.eastmoney.com/a/202603113669012032.html
07:31:41  INFO  [9063/14495] retry in 4.0s
07:31:46  WARNING  [9063/14495] attempt 4/5 failed http://finance.eastmoney.com/a/202603113669012032.html: 404 Client Error: Not Found for url: https://finance.eastmoney.com/a/202603113669012032.html
07:31:46  INFO  [9063/14495] retry in 8.0s
07:31:54  WARNING  [9063/14495] attempt 5/5 failed http://finance.eastmoney.com/a/202603113669012032.html: 404 Client Error: Not Found for url: https://finance.eastmoney.com/a/202603113669012032.html
07:31:54  WARNING  [9063/14495] gave up after 5 attempts http://finance.eastmoney.com/a/202603113669012032.html
07:32:26  INFO  progress ok=7942 skip=1130 fail=8 [9080/14495]
07:33:04  INFO  progress ok=7962 skip=1130 fail=8 [9100/14495]
07:33:51  INFO  progress ok=7982 skip=1130 fail=8 [9120/14495]
07:34:41  INFO  progress ok=8002 skip=1130 fail=8 [9140/14495]
07:35:31  INFO  progress ok=8022 skip=1130 fail=8 [9160/14495]
07:36:24  INFO  progress ok=8042 skip=1130 fail=8 [9180/14495]
07:37:16  INFO  progress ok=8062 skip=1130 fail=8 [9200/14495]
07:37:54  INFO  progress ok=8082 skip=1130 fail=8 [9220/14495]
07:38:33  INFO  progress ok=8102 skip=1130 fail=8 [9240/14495]
07:39:03  WARNING  [9255/14495] attempt 1/5 failed http://finance.eastmoney.com/a/202603123669900453.html: 404 Client Error: Not Found for url: https://finance.eastmoney.com/a/202603123669900453.html
07:39:03  INFO  [9255/14495] retry in 1.0s
07:39:04  WARNING  [9255/14495] attempt 2/5 failed http://finance.eastmoney.com/a/202603123669900453.html: 404 Client Error: Not Found for url: https://finance.eastmoney.com/a/202603123669900453.html
07:39:04  INFO  [9255/14495] retry in 2.0s
07:39:07  WARNING  [9255/14495] attempt 3/5 failed http://finance.eastmoney.com/a/202603123669900453.html: 404 Client Error: Not Found for url: https://finance.eastmoney.com/a/202603123669900453.html
07:39:07  INFO  [9255/14495] retry in 4.0s
07:39:12  WARNING  [9255/14495] attempt 4/5 failed http://finance.eastmoney.com/a/202603123669900453.html: 404 Client Error: Not Found for url: https://finance.eastmoney.com/a/202603123669900453.html
07:39:12  INFO  [9255/14495] retry in 8.0s
07:39:20  WARNING  [9255/14495] attempt 5/5 failed http://finance.eastmoney.com/a/202603123669900453.html: 404 Client Error: Not Found for url: https://finance.eastmoney.com/a/202603123669900453.html
07:39:20  WARNING  [9255/14495] gave up after 5 attempts http://finance.eastmoney.com/a/202603123669900453.html
07:39:30  INFO  progress ok=8121 skip=1130 fail=9 [9260/14495]
07:40:08  INFO  progress ok=8141 skip=1130 fail=9 [9280/14495]
07:40:45  INFO  progress ok=8161 skip=1130 fail=9 [9300/14495]
07:41:24  INFO  progress ok=8181 skip=1130 fail=9 [9320/14495]
07:42:03  INFO  progress ok=8201 skip=1130 fail=9 [9340/14495]
07:42:44  INFO  progress ok=8221 skip=1130 fail=9 [9360/14495]
07:43:23  INFO  progress ok=8241 skip=1130 fail=9 [9380/14495]
07:43:59  INFO  progress ok=8261 skip=1130 fail=9 [9400/14495]
07:44:38  INFO  progress ok=8281 skip=1130 fail=9 [9420/14495]
07:45:18  INFO  progress ok=8301 skip=1130 fail=9 [9440/14495]
07:46:11  INFO  progress ok=8321 skip=1130 fail=9 [9460/14495]
07:47:00  INFO  progress ok=8341 skip=1130 fail=9 [9480/14495]
07:47:57  INFO  progress ok=8361 skip=1130 fail=9 [9500/14495]
07:48:37  INFO  progress ok=8381 skip=1130 fail=9 [9520/14495]
07:49:18  INFO  progress ok=8401 skip=1130 fail=9 [9540/14495]
07:49:56  INFO  progress ok=8421 skip=1130 fail=9 [9560/14495]
07:50:35  INFO  progress ok=8441 skip=1130 fail=9 [9580/14495]
07:50:57  WARNING  [9591/14495] attempt 1/5 failed http://finance.eastmoney.com/a/202603133671568482.html: 404 Client Error: Not Found for url: https://finance.eastmoney.com/a/202603133671568482.html
07:50:57  INFO  [9591/14495] retry in 1.0s
07:50:59  WARNING  [9591/14495] attempt 2/5 failed http://finance.eastmoney.com/a/202603133671568482.html: 404 Client Error: Not Found for url: https://finance.eastmoney.com/a/202603133671568482.html
07:50:59  INFO  [9591/14495] retry in 2.0s
07:51:01  WARNING  [9591/14495] attempt 3/5 failed http://finance.eastmoney.com/a/202603133671568482.html: 404 Client Error: Not Found for url: https://finance.eastmoney.com/a/202603133671568482.html
07:51:01  INFO  [9591/14495] retry in 4.0s
07:51:06  WARNING  [9591/14495] attempt 4/5 failed http://finance.eastmoney.com/a/202603133671568482.html: 404 Client Error: Not Found for url: https://finance.eastmoney.com/a/202603133671568482.html
07:51:06  INFO  [9591/14495] retry in 8.0s
07:51:15  WARNING  [9591/14495] attempt 5/5 failed http://finance.eastmoney.com/a/202603133671568482.html: 404 Client Error: Not Found for url: https://finance.eastmoney.com/a/202603133671568482.html
07:51:15  WARNING  [9591/14495] gave up after 5 attempts http://finance.eastmoney.com/a/202603133671568482.html
07:51:32  INFO  progress ok=8460 skip=1130 fail=10 [9600/14495]
07:52:08  INFO  progress ok=8480 skip=1130 fail=10 [9620/14495]
07:52:46  INFO  progress ok=8500 skip=1130 fail=10 [9640/14495]
07:53:23  INFO  progress ok=8520 skip=1130 fail=10 [9660/14495]
07:54:01  INFO  progress ok=8540 skip=1130 fail=10 [9680/14495]
07:54:39  INFO  progress ok=8560 skip=1130 fail=10 [9700/14495]
07:55:16  INFO  progress ok=8580 skip=1130 fail=10 [9720/14495]
07:56:10  INFO  progress ok=8600 skip=1130 fail=10 [9740/14495]
07:57:01  INFO  progress ok=8620 skip=1130 fail=10 [9760/14495]
07:57:49  INFO  progress ok=8640 skip=1130 fail=10 [9780/14495]
07:58:43  INFO  progress ok=8660 skip=1130 fail=10 [9800/14495]
07:59:23  INFO  progress ok=8680 skip=1130 fail=10 [9820/14495]
08:00:03  INFO  progress ok=8700 skip=1130 fail=10 [9840/14495]
08:00:51  INFO  progress ok=8720 skip=1130 fail=10 [9860/14495]
08:01:35  INFO  progress ok=8740 skip=1130 fail=10 [9880/14495]
08:02:15  INFO  progress ok=8760 skip=1130 fail=10 [9900/14495]
08:03:06  INFO  progress ok=8780 skip=1130 fail=10 [9920/14495]
08:03:47  INFO  progress ok=8800 skip=1130 fail=10 [9940/14495]
08:04:24  INFO  progress ok=8820 skip=1130 fail=10 [9960/14495]
08:05:02  INFO  progress ok=8840 skip=1130 fail=10 [9980/14495]
08:05:39  INFO  progress ok=8860 skip=1130 fail=10 [10000/14495]
08:06:17  INFO  progress ok=8880 skip=1130 fail=10 [10020/14495]
08:06:54  INFO  progress ok=8900 skip=1130 fail=10 [10040/14495]
08:07:33  INFO  progress ok=8920 skip=1130 fail=10 [10060/14495]
08:08:11  INFO  progress ok=8940 skip=1130 fail=10 [10080/14495]
08:08:49  INFO  progress ok=8960 skip=1130 fail=10 [10100/14495]
08:09:29  INFO  progress ok=8980 skip=1130 fail=10 [10120/14495]
08:10:08  INFO  progress ok=9000 skip=1130 fail=10 [10140/14495]
08:10:46  INFO  progress ok=9020 skip=1130 fail=10 [10160/14495]
08:11:25  INFO  progress ok=9040 skip=1130 fail=10 [10180/14495]
08:12:14  INFO  progress ok=9060 skip=1130 fail=10 [10200/14495]
08:13:06  INFO  progress ok=9080 skip=1130 fail=10 [10220/14495]
08:13:55  INFO  progress ok=9100 skip=1130 fail=10 [10240/14495]
08:14:45  INFO  progress ok=9120 skip=1130 fail=10 [10260/14495]
08:15:35  INFO  progress ok=9140 skip=1130 fail=10 [10280/14495]
08:16:34  INFO  progress ok=9160 skip=1130 fail=10 [10300/14495]
08:17:13  INFO  progress ok=9180 skip=1130 fail=10 [10320/14495]
08:17:52  INFO  progress ok=9200 skip=1130 fail=10 [10340/14495]
08:18:29  INFO  progress ok=9220 skip=1130 fail=10 [10360/14495]
08:19:07  INFO  progress ok=9240 skip=1130 fail=10 [10380/14495]
08:19:47  INFO  progress ok=9260 skip=1130 fail=10 [10400/14495]
08:20:25  INFO  progress ok=9280 skip=1130 fail=10 [10420/14495]
08:21:03  INFO  progress ok=9300 skip=1130 fail=10 [10440/14495]
08:21:43  INFO  progress ok=9320 skip=1130 fail=10 [10460/14495]
08:22:22  INFO  progress ok=9340 skip=1130 fail=10 [10480/14495]
08:23:01  INFO  progress ok=9360 skip=1130 fail=10 [10500/14495]
08:23:40  INFO  progress ok=9380 skip=1130 fail=10 [10520/14495]
08:24:18  INFO  progress ok=9400 skip=1130 fail=10 [10540/14495]
08:25:21  INFO  progress ok=9420 skip=1130 fail=10 [10560/14495]
08:26:12  INFO  progress ok=9440 skip=1130 fail=10 [10580/14495]
08:27:03  INFO  progress ok=9460 skip=1130 fail=10 [10600/14495]
08:27:58  INFO  progress ok=9480 skip=1130 fail=10 [10620/14495]
08:28:50  INFO  progress ok=9500 skip=1130 fail=10 [10640/14495]
08:29:30  INFO  progress ok=9520 skip=1130 fail=10 [10660/14495]
08:30:09  INFO  progress ok=9540 skip=1130 fail=10 [10680/14495]
08:30:48  INFO  progress ok=9560 skip=1130 fail=10 [10700/14495]
08:31:26  INFO  progress ok=9580 skip=1130 fail=10 [10720/14495]
08:32:04  INFO  progress ok=9600 skip=1130 fail=10 [10740/14495]
08:32:43  INFO  progress ok=9620 skip=1130 fail=10 [10760/14495]
08:33:23  INFO  progress ok=9640 skip=1130 fail=10 [10780/14495]
08:34:04  INFO  progress ok=9660 skip=1130 fail=10 [10800/14495]
08:34:43  INFO  progress ok=9680 skip=1130 fail=10 [10820/14495]
08:35:22  INFO  progress ok=9700 skip=1130 fail=10 [10840/14495]
08:35:59  INFO  progress ok=9720 skip=1130 fail=10 [10860/14495]
08:36:38  INFO  progress ok=9740 skip=1130 fail=10 [10880/14495]
08:37:31  INFO  progress ok=9760 skip=1130 fail=10 [10900/14495]
08:38:24  INFO  progress ok=9780 skip=1130 fail=10 [10920/14495]
08:39:14  INFO  progress ok=9800 skip=1130 fail=10 [10940/14495]
08:40:06  INFO  progress ok=9820 skip=1130 fail=10 [10960/14495]
08:41:05  INFO  progress ok=9840 skip=1130 fail=10 [10980/14495]
08:42:06  WARNING  [10996/14495] attempt 1/5 failed http://finance.eastmoney.com/a/202603193676444069.html: HTTPSConnectionPool(host='finance.eastmoney.com', port=443): Read timed out. (read timeout=30.0)
08:42:06  INFO  [10996/14495] retry in 1.0s
08:42:27  INFO  progress ok=9860 skip=1130 fail=10 [11000/14495]
08:43:07  INFO  progress ok=9880 skip=1130 fail=10 [11020/14495]
08:43:44  INFO  progress ok=9900 skip=1130 fail=10 [11040/14495]
08:44:23  INFO  progress ok=9920 skip=1130 fail=10 [11060/14495]
08:45:00  INFO  progress ok=9940 skip=1130 fail=10 [11080/14495]
08:45:38  INFO  progress ok=9960 skip=1130 fail=10 [11100/14495]
08:46:17  INFO  progress ok=9980 skip=1130 fail=10 [11120/14495]
08:46:56  INFO  progress ok=10000 skip=1130 fail=10 [11140/14495]
08:47:36  INFO  progress ok=10020 skip=1130 fail=10 [11160/14495]
08:48:15  INFO  progress ok=10040 skip=1130 fail=10 [11180/14495]
08:48:53  INFO  progress ok=10060 skip=1130 fail=10 [11200/14495]
08:49:31  INFO  progress ok=10080 skip=1130 fail=10 [11220/14495]
08:49:41  WARNING  [11225/14495] attempt 1/5 failed http://finance.eastmoney.com/a/202603193677748621.html: 404 Client Error: Not Found for url: https://finance.eastmoney.com/a/202603193677748621.html
08:49:41  INFO  [11225/14495] retry in 1.0s
08:49:42  WARNING  [11225/14495] attempt 2/5 failed http://finance.eastmoney.com/a/202603193677748621.html: 404 Client Error: Not Found for url: https://finance.eastmoney.com/a/202603193677748621.html
08:49:42  INFO  [11225/14495] retry in 2.0s
08:49:45  WARNING  [11225/14495] attempt 3/5 failed http://finance.eastmoney.com/a/202603193677748621.html: 404 Client Error: Not Found for url: https://finance.eastmoney.com/a/202603193677748621.html
08:49:45  INFO  [11225/14495] retry in 4.0s
08:49:50  WARNING  [11225/14495] attempt 4/5 failed http://finance.eastmoney.com/a/202603193677748621.html: 404 Client Error: Not Found for url: https://finance.eastmoney.com/a/202603193677748621.html
08:49:50  INFO  [11225/14495] retry in 8.0s
08:49:58  WARNING  [11225/14495] attempt 5/5 failed http://finance.eastmoney.com/a/202603193677748621.html: 404 Client Error: Not Found for url: https://finance.eastmoney.com/a/202603193677748621.html
08:49:58  WARNING  [11225/14495] gave up after 5 attempts http://finance.eastmoney.com/a/202603193677748621.html
08:50:19  WARNING  [11236/14495] attempt 1/5 failed http://finance.eastmoney.com/a/202603193677783382.html: 404 Client Error: Not Found for url: https://finance.eastmoney.com/a/202603193677783382.html
08:50:19  INFO  [11236/14495] retry in 1.0s
08:50:21  WARNING  [11236/14495] attempt 2/5 failed http://finance.eastmoney.com/a/202603193677783382.html: 404 Client Error: Not Found for url: https://finance.eastmoney.com/a/202603193677783382.html
08:50:21  INFO  [11236/14495] retry in 2.0s
08:50:24  WARNING  [11236/14495] attempt 3/5 failed http://finance.eastmoney.com/a/202603193677783382.html: 404 Client Error: Not Found for url: https://finance.eastmoney.com/a/202603193677783382.html
08:50:24  INFO  [11236/14495] retry in 4.0s
08:50:28  WARNING  [11236/14495] attempt 4/5 failed http://finance.eastmoney.com/a/202603193677783382.html: 404 Client Error: Not Found for url: https://finance.eastmoney.com/a/202603193677783382.html
08:50:28  INFO  [11236/14495] retry in 8.0s
08:50:37  WARNING  [11236/14495] attempt 5/5 failed http://finance.eastmoney.com/a/202603193677783382.html: 404 Client Error: Not Found for url: https://finance.eastmoney.com/a/202603193677783382.html
08:50:37  WARNING  [11236/14495] gave up after 5 attempts http://finance.eastmoney.com/a/202603193677783382.html
08:50:45  INFO  progress ok=10098 skip=1130 fail=12 [11240/14495]
08:51:38  INFO  progress ok=10118 skip=1130 fail=12 [11260/14495]
08:52:50  WARNING  [11270/14495] attempt 1/5 failed http://stock.eastmoney.com/a/202603193677105736.html: HTTPSConnectionPool(host='finance.eastmoney.com', port=443): Read timed out. (read timeout=30.0)
08:52:50  INFO  [11270/14495] retry in 1.0s
08:53:17  INFO  progress ok=10138 skip=1130 fail=12 [11280/14495]
08:54:06  INFO  progress ok=10158 skip=1130 fail=12 [11300/14495]
08:54:58  INFO  progress ok=10178 skip=1130 fail=12 [11320/14495]
08:55:44  INFO  progress ok=10198 skip=1130 fail=12 [11340/14495]
08:56:24  INFO  progress ok=10218 skip=1130 fail=12 [11360/14495]
08:57:14  INFO  progress ok=10238 skip=1130 fail=12 [11380/14495]
08:57:53  INFO  progress ok=10258 skip=1130 fail=12 [11400/14495]
08:58:30  INFO  progress ok=10278 skip=1130 fail=12 [11420/14495]
08:59:08  INFO  progress ok=10298 skip=1130 fail=12 [11440/14495]
08:59:49  INFO  progress ok=10318 skip=1130 fail=12 [11460/14495]
09:00:28  INFO  progress ok=10338 skip=1130 fail=12 [11480/14495]
09:01:04  INFO  progress ok=10358 skip=1130 fail=12 [11500/14495]
09:01:43  INFO  progress ok=10378 skip=1130 fail=12 [11520/14495]
09:02:20  INFO  progress ok=10398 skip=1130 fail=12 [11540/14495]
09:02:58  INFO  progress ok=10418 skip=1130 fail=12 [11560/14495]
09:03:44  INFO  progress ok=10438 skip=1130 fail=12 [11580/14495]
09:04:35  INFO  progress ok=10458 skip=1130 fail=12 [11600/14495]
09:05:13  INFO  progress ok=10478 skip=1130 fail=12 [11620/14495]
09:05:51  INFO  progress ok=10498 skip=1130 fail=12 [11640/14495]
09:06:28  INFO  progress ok=10518 skip=1130 fail=12 [11660/14495]
09:07:06  INFO  progress ok=10538 skip=1130 fail=12 [11680/14495]
09:07:45  INFO  progress ok=10558 skip=1130 fail=12 [11700/14495]
09:08:23  INFO  progress ok=10578 skip=1130 fail=12 [11720/14495]
09:09:15  INFO  progress ok=10598 skip=1130 fail=12 [11740/14495]
09:10:04  INFO  progress ok=10618 skip=1130 fail=12 [11760/14495]
09:10:55  INFO  progress ok=10638 skip=1130 fail=12 [11780/14495]
09:11:44  INFO  progress ok=10658 skip=1130 fail=12 [11800/14495]
09:12:32  INFO  progress ok=10678 skip=1130 fail=12 [11820/14495]
09:13:24  INFO  progress ok=10698 skip=1130 fail=12 [11840/14495]
09:14:05  INFO  progress ok=10718 skip=1130 fail=12 [11860/14495]
09:14:46  INFO  progress ok=10738 skip=1130 fail=12 [11880/14495]
09:15:25  INFO  progress ok=10758 skip=1130 fail=12 [11900/14495]
09:16:05  INFO  progress ok=10778 skip=1130 fail=12 [11920/14495]
09:16:53  INFO  progress ok=10798 skip=1130 fail=12 [11940/14495]
09:18:17  WARNING  [11953/14495] attempt 1/5 failed http://finance.eastmoney.com/a/202603223679703061.html: HTTPSConnectionPool(host='finance.eastmoney.com', port=443): Read timed out.
09:18:17  INFO  [11953/14495] retry in 1.0s
09:18:32  INFO  progress ok=10818 skip=1130 fail=12 [11960/14495]
09:19:13  INFO  progress ok=10838 skip=1130 fail=12 [11980/14495]
09:19:53  INFO  progress ok=10858 skip=1130 fail=12 [12000/14495]
09:20:45  INFO  progress ok=10878 skip=1130 fail=12 [12020/14495]
09:21:39  INFO  progress ok=10898 skip=1130 fail=12 [12040/14495]
09:22:19  INFO  progress ok=10918 skip=1130 fail=12 [12060/14495]
09:22:58  INFO  progress ok=10938 skip=1130 fail=12 [12080/14495]
09:23:36  INFO  progress ok=10958 skip=1130 fail=12 [12100/14495]
09:24:14  INFO  progress ok=10978 skip=1130 fail=12 [12120/14495]
09:24:53  INFO  progress ok=10998 skip=1130 fail=12 [12140/14495]
09:25:32  INFO  progress ok=11018 skip=1130 fail=12 [12160/14495]
09:26:10  INFO  progress ok=11038 skip=1130 fail=12 [12180/14495]
09:26:46  INFO  progress ok=11058 skip=1130 fail=12 [12200/14495]
09:27:25  INFO  progress ok=11078 skip=1130 fail=12 [12220/14495]
09:28:03  INFO  progress ok=11098 skip=1130 fail=12 [12240/14495]
09:28:41  INFO  progress ok=11118 skip=1130 fail=12 [12260/14495]
09:29:19  INFO  progress ok=11138 skip=1130 fail=12 [12280/14495]
09:29:57  INFO  progress ok=11158 skip=1130 fail=12 [12300/14495]
09:30:36  INFO  progress ok=11178 skip=1130 fail=12 [12320/14495]
09:31:14  INFO  progress ok=11198 skip=1130 fail=12 [12340/14495]
09:31:53  INFO  progress ok=11218 skip=1130 fail=12 [12360/14495]
09:32:33  INFO  progress ok=11238 skip=1130 fail=12 [12380/14495]
09:33:11  INFO  progress ok=11258 skip=1130 fail=12 [12400/14495]
09:33:48  INFO  progress ok=11278 skip=1130 fail=12 [12420/14495]
09:34:35  INFO  progress ok=11298 skip=1130 fail=12 [12440/14495]
09:35:29  INFO  progress ok=11318 skip=1130 fail=12 [12460/14495]
09:36:15  INFO  progress ok=11338 skip=1130 fail=12 [12480/14495]
09:37:03  INFO  progress ok=11358 skip=1130 fail=12 [12500/14495]
09:37:52  INFO  progress ok=11378 skip=1130 fail=12 [12520/14495]
09:38:40  INFO  progress ok=11398 skip=1130 fail=12 [12540/14495]
09:39:31  INFO  progress ok=11418 skip=1130 fail=12 [12560/14495]
09:40:17  INFO  progress ok=11438 skip=1130 fail=12 [12580/14495]
09:40:57  INFO  progress ok=11458 skip=1130 fail=12 [12600/14495]
09:41:39  INFO  progress ok=11478 skip=1130 fail=12 [12620/14495]
09:42:15  INFO  progress ok=11498 skip=1130 fail=12 [12640/14495]
09:42:53  INFO  progress ok=11518 skip=1130 fail=12 [12660/14495]
09:43:28  INFO  progress ok=11538 skip=1130 fail=12 [12680/14495]
09:44:05  INFO  progress ok=11558 skip=1130 fail=12 [12700/14495]
09:44:43  INFO  progress ok=11578 skip=1130 fail=12 [12720/14495]
09:45:22  INFO  progress ok=11598 skip=1130 fail=12 [12740/14495]
09:45:59  INFO  progress ok=11618 skip=1130 fail=12 [12760/14495]
09:46:38  INFO  progress ok=11638 skip=1130 fail=12 [12780/14495]
09:47:17  INFO  progress ok=11658 skip=1130 fail=12 [12800/14495]
09:47:57  INFO  progress ok=11678 skip=1130 fail=12 [12820/14495]
09:48:35  INFO  progress ok=11698 skip=1130 fail=12 [12840/14495]
09:49:14  INFO  progress ok=11718 skip=1130 fail=12 [12860/14495]
09:49:52  INFO  progress ok=11738 skip=1130 fail=12 [12880/14495]
09:50:30  INFO  progress ok=11758 skip=1130 fail=12 [12900/14495]
09:51:07  INFO  progress ok=11778 skip=1130 fail=12 [12920/14495]
09:51:48  INFO  progress ok=11798 skip=1130 fail=12 [12940/14495]
09:52:29  INFO  progress ok=11818 skip=1130 fail=12 [12960/14495]
09:53:07  INFO  progress ok=11838 skip=1130 fail=12 [12980/14495]
09:53:46  INFO  progress ok=11858 skip=1130 fail=12 [13000/14495]
09:54:41  INFO  progress ok=11878 skip=1130 fail=12 [13020/14495]
09:55:30  INFO  progress ok=11898 skip=1130 fail=12 [13040/14495]
09:56:19  INFO  progress ok=11918 skip=1130 fail=12 [13060/14495]
09:57:07  INFO  progress ok=11938 skip=1130 fail=12 [13080/14495]
09:57:55  INFO  progress ok=11958 skip=1130 fail=12 [13100/14495]
09:58:40  INFO  progress ok=11978 skip=1130 fail=12 [13120/14495]
09:59:27  INFO  progress ok=11998 skip=1130 fail=12 [13140/14495]
10:00:21  INFO  progress ok=12018 skip=1130 fail=12 [13160/14495]
10:01:11  INFO  progress ok=12038 skip=1130 fail=12 [13180/14495]
10:01:54  INFO  progress ok=12058 skip=1130 fail=12 [13200/14495]
10:02:33  INFO  progress ok=12078 skip=1130 fail=12 [13220/14495]
10:03:11  INFO  progress ok=12098 skip=1130 fail=12 [13240/14495]
10:03:51  INFO  progress ok=12118 skip=1130 fail=12 [13260/14495]
10:04:31  INFO  progress ok=12138 skip=1130 fail=12 [13280/14495]
10:05:09  INFO  progress ok=12158 skip=1130 fail=12 [13300/14495]
10:05:48  INFO  progress ok=12178 skip=1130 fail=12 [13320/14495]
10:06:27  INFO  progress ok=12198 skip=1130 fail=12 [13340/14495]
10:07:06  INFO  progress ok=12218 skip=1130 fail=12 [13360/14495]
10:07:46  INFO  progress ok=12238 skip=1130 fail=12 [13380/14495]
10:08:24  INFO  progress ok=12258 skip=1130 fail=12 [13400/14495]
10:09:02  INFO  progress ok=12278 skip=1130 fail=12 [13420/14495]
10:09:40  INFO  progress ok=12298 skip=1130 fail=12 [13440/14495]
10:10:19  INFO  progress ok=12318 skip=1130 fail=12 [13460/14495]
10:10:58  INFO  progress ok=12338 skip=1130 fail=12 [13480/14495]
10:11:36  INFO  progress ok=12358 skip=1130 fail=12 [13500/14495]
10:12:15  INFO  progress ok=12378 skip=1130 fail=12 [13520/14495]
10:12:55  INFO  progress ok=12398 skip=1130 fail=12 [13540/14495]
10:13:35  INFO  progress ok=12418 skip=1130 fail=12 [13560/14495]
10:14:30  INFO  progress ok=12438 skip=1130 fail=12 [13580/14495]
10:15:21  INFO  progress ok=12458 skip=1130 fail=12 [13600/14495]
10:16:11  INFO  progress ok=12478 skip=1130 fail=12 [13620/14495]
10:16:59  INFO  progress ok=12498 skip=1130 fail=12 [13640/14495]
10:17:47  INFO  progress ok=12518 skip=1130 fail=12 [13660/14495]
10:18:34  INFO  progress ok=12538 skip=1130 fail=12 [13680/14495]
10:19:21  INFO  progress ok=12558 skip=1130 fail=12 [13700/14495]
10:20:06  INFO  progress ok=12578 skip=1130 fail=12 [13720/14495]
10:20:52  INFO  progress ok=12598 skip=1130 fail=12 [13740/14495]
10:21:38  INFO  progress ok=12618 skip=1130 fail=12 [13760/14495]
10:22:24  INFO  progress ok=12638 skip=1130 fail=12 [13780/14495]
10:23:11  INFO  progress ok=12658 skip=1130 fail=12 [13800/14495]
10:24:00  INFO  progress ok=12678 skip=1130 fail=12 [13820/14495]
10:24:58  INFO  progress ok=12698 skip=1130 fail=12 [13840/14495]
10:25:42  INFO  progress ok=12718 skip=1130 fail=12 [13860/14495]
10:26:21  INFO  progress ok=12738 skip=1130 fail=12 [13880/14495]
10:26:59  INFO  progress ok=12758 skip=1130 fail=12 [13900/14495]
10:27:35  INFO  progress ok=12778 skip=1130 fail=12 [13920/14495]
10:28:14  INFO  progress ok=12798 skip=1130 fail=12 [13940/14495]
10:28:53  INFO  progress ok=12818 skip=1130 fail=12 [13960/14495]
10:29:30  INFO  progress ok=12838 skip=1130 fail=12 [13980/14495]
10:30:08  INFO  progress ok=12858 skip=1130 fail=12 [14000/14495]
10:30:46  INFO  progress ok=12878 skip=1130 fail=12 [14020/14495]
10:31:24  INFO  progress ok=12898 skip=1130 fail=12 [14040/14495]
10:32:02  INFO  progress ok=12918 skip=1130 fail=12 [14060/14495]
10:32:41  INFO  progress ok=12938 skip=1130 fail=12 [14080/14495]
10:33:20  INFO  progress ok=12958 skip=1130 fail=12 [14100/14495]
10:33:57  INFO  progress ok=12978 skip=1130 fail=12 [14120/14495]
10:34:36  INFO  progress ok=12998 skip=1130 fail=12 [14140/14495]
10:34:38  WARNING  [14141/14495] attempt 1/5 failed http://finance.eastmoney.com/a/202603263685840522.html: 404 Client Error: Not Found for url: https://finance.eastmoney.com/a/202603263685840522.html
10:34:38  INFO  [14141/14495] retry in 1.0s
10:34:39  WARNING  [14141/14495] attempt 2/5 failed http://finance.eastmoney.com/a/202603263685840522.html: 404 Client Error: Not Found for url: https://finance.eastmoney.com/a/202603263685840522.html
10:34:39  INFO  [14141/14495] retry in 2.0s
10:34:42  WARNING  [14141/14495] attempt 3/5 failed http://finance.eastmoney.com/a/202603263685840522.html: 404 Client Error: Not Found for url: https://finance.eastmoney.com/a/202603263685840522.html
10:34:42  INFO  [14141/14495] retry in 4.0s
10:34:47  WARNING  [14141/14495] attempt 4/5 failed http://finance.eastmoney.com/a/202603263685840522.html: 404 Client Error: Not Found for url: https://finance.eastmoney.com/a/202603263685840522.html
10:34:47  INFO  [14141/14495] retry in 8.0s
10:34:55  WARNING  [14141/14495] attempt 5/5 failed http://finance.eastmoney.com/a/202603263685840522.html: 404 Client Error: Not Found for url: https://finance.eastmoney.com/a/202603263685840522.html
10:34:55  WARNING  [14141/14495] gave up after 5 attempts http://finance.eastmoney.com/a/202603263685840522.html
10:35:31  INFO  progress ok=13017 skip=1130 fail=13 [14160/14495]
10:36:10  INFO  progress ok=13037 skip=1130 fail=13 [14180/14495]
10:36:58  INFO  progress ok=13057 skip=1130 fail=13 [14200/14495]
10:37:47  INFO  progress ok=13077 skip=1130 fail=13 [14220/14495]
10:38:37  INFO  progress ok=13097 skip=1130 fail=13 [14240/14495]
10:39:26  INFO  progress ok=13117 skip=1130 fail=13 [14260/14495]
10:40:16  INFO  progress ok=13137 skip=1130 fail=13 [14280/14495]
10:41:04  INFO  progress ok=13157 skip=1130 fail=13 [14300/14495]
10:41:48  INFO  progress ok=13177 skip=1130 fail=13 [14320/14495]
10:42:34  INFO  progress ok=13197 skip=1130 fail=13 [14340/14495]
10:43:21  INFO  progress ok=13217 skip=1130 fail=13 [14360/14495]
10:44:07  INFO  progress ok=13237 skip=1130 fail=13 [14380/14495]
10:44:52  INFO  progress ok=13257 skip=1130 fail=13 [14400/14495]
10:45:39  INFO  progress ok=13277 skip=1130 fail=13 [14420/14495]
10:46:24  INFO  progress ok=13297 skip=1130 fail=13 [14440/14495]
10:47:03  INFO  progress ok=13317 skip=1130 fail=13 [14460/14495]
10:47:47  INFO  progress ok=13337 skip=1130 fail=13 [14480/14495]
10:48:26  INFO  done ok=13352 skip=1130 fail=13 total=14495
